<?xml version="1.0" encoding="UTF-8"?>
<!-- Generated by org.testng.reporters.JUnitReportReporter -->
<testsuite hostname="LTIN147205" name="com.hackathon.Tests.TS_HolidayHomesInvalid" tests="3" failures="0" timestamp="30 Mar 2022 17:48:16 GMT" time="12.710" errors="0">
  <testcase name="TC_Negative3" time="5.312" classname="com.hackathon.Tests.TS_HolidayHomesInvalid"/>
  <testcase name="TC_Negative2" time="3.115" classname="com.hackathon.Tests.TS_HolidayHomesInvalid"/>
  <testcase name="TC_Negative1" time="4.283" classname="com.hackathon.Tests.TS_HolidayHomesInvalid"/>
</testsuite> <!-- com.hackathon.Tests.TS_HolidayHomesInvalid -->
